The system is: Windows - 10.0.22621 - AMD64
Compiling the C compiler identification source file "CMakeCCompilerId.c" succeeded.
Compiler: C:/Program Files/JetBrains/CLion 2022.3.3/bin/mingw/bin/gcc.exe 
Build flags: 
Id flags:  

The output was:
0


Compilation of the C compiler identification source "CMakeCCompilerId.c" produced "a.exe"

The C compiler identification is GNU, found in "C:/Users/Asteroid/Documents/Projects/CSE121_Project/cmake-build-debug/CMakeFiles/3.24.2/CompilerIdC/a.exe"

Determining if the C compiler works passed with the following output:
Change Dir: C:/Users/Asteroid/Documents/Projects/CSE121_Project/cmake-build-debug/CMakeFiles/CMakeTmp

Run Build Command(s):C:/PROGRA~1/JETBRA~1/CLION2~1.3/bin/mingw/bin/mingw32-make.exe -f Makefile cmTC_b7190/fast && C:/PROGRA~1/JETBRA~1/CLION2~1.3/bin/mingw/bin/mingw32-make.exe  -f CMakeFiles\cmTC_b7190.dir\build.make CMakeFiles/cmTC_b7190.dir/build
mingw32-make[1]: Entering directory 'C:/Users/Asteroid/Documents/Projects/CSE121_Project/cmake-build-debug/CMakeFiles/CMakeTmp'
Building C object CMakeFiles/cmTC_b7190.dir/testCCompiler.c.obj
C:\PROGRA~1\JETBRA~1\CLION2~1.3\bin\mingw\bin\gcc.exe   -fdiagnostics-color=always -o CMakeFiles\cmTC_b7190.dir\testCCompiler.c.obj -c C:\Users\Asteroid\Documents\Projects\CSE121_Project\cmake-build-debug\CMakeFiles\CMakeTmp\testCCompiler.c
Linking C executable cmTC_b7190.exe
"C:\Program Files\JetBrains\CLion 2022.3.3\bin\cmake\win\x64\bin\cmake.exe" -E cmake_link_script CMakeFiles\cmTC_b7190.dir\link.txt --verbose=1
"C:\Program Files\JetBrains\CLion 2022.3.3\bin\cmake\win\x64\bin\cmake.exe" -E rm -f CMakeFiles\cmTC_b7190.dir/objects.a
C:\PROGRA~1\JETBRA~1\CLION2~1.3\bin\mingw\bin\ar.exe qc CMakeFiles\cmTC_b7190.dir/objects.a @CMakeFiles\cmTC_b7190.dir\objects1.rsp
C:\PROGRA~1\JETBRA~1\CLION2~1.3\bin\mingw\bin\gcc.exe -Wl,--whole-archive CMakeFiles\cmTC_b7190.dir/objects.a -Wl,--no-whole-archive -o cmTC_b7190.exe -Wl,--out-implib,libcmTC_b7190.dll.a -Wl,--major-image-version,0,--minor-image-version,0 @CMakeFiles\cmTC_b7190.dir\linklibs.rsp
mingw32-make[1]: Leaving directory 'C:/Users/Asteroid/Documents/Projects/CSE121_Project/cmake-build-debug/CMakeFiles/CMakeTmp'



